build/app/intermediates/manifest_merge_blame_file/debug/manifest-merger-blame-debug-report.txt
1<?xml version="1.0" encoding="utf-8"?>
2<manifest xmlns:android="http://schemas.android.com/apk/res/android"
3    package="com.example.proyecto_rr_principal"
4    android:versionCode="1"
5    android:versionName="1.0.0" >
6
7    <uses-sdk
8        android:minSdkVersion="21"
9        android:targetSdkVersion="34" />
10    <!--
11         The INTERNET permission is required for development. Specifically,
12         the Flutter tool needs it to communicate with the running application
13         to allow setting breakpoints, to provide hot reload, etc.
14    -->
15    <uses-permission android:name="android.permission.INTERNET" />
15-->src/debug/AndroidManifest.xml:6:5-66
15-->src/debug/AndroidManifest.xml:6:22-64
16    <!--
17     Required to query activities that can process text, see:
18         https://developer.android.com/training/package-visibility and
19         https://developer.android.com/reference/android/content/Intent#ACTION_PROCESS_TEXT.
20
21         In particular, this is used by the Flutter engine in io.flutter.plugin.text.ProcessTextPlugin.
22    -->
23    <queries>
23-->src/main/AndroidManifest.xml:39:5-44:15
24        <intent>
24-->src/main/AndroidManifest.xml:40:9-43:18
25            <action android:name="android.intent.action.PROCESS_TEXT" />
25-->src/main/AndroidManifest.xml:41:13-72
25-->src/main/AndroidManifest.xml:41:21-70
26
27            <data android:mimeType="text/plain" />
27-->src/main/AndroidManifest.xml:42:13-50
27-->src/main/AndroidManifest.xml:42:19-48
28        </intent>
29        <intent>
29-->[:file_picker] AndroidManifest.xml:12:9-16:18
30            <action android:name="android.intent.action.GET_CONTENT" />
30-->[:file_picker] AndroidManifest.xml:13:13-72
30-->[:file_picker] AndroidManifest.xml:13:21-69
31
32            <data android:mimeType="*/*" />
32-->src/main/AndroidManifest.xml:42:13-50
32-->src/main/AndroidManifest.xml:42:19-48
33        </intent> <!-- Added to check the default browser that will host the AuthFlow. -->
34        <intent>
34-->[com.stripe:financial-connections:20.48.6] AndroidManifest.xml:13:9-17:18
35            <action android:name="android.intent.action.VIEW" />
35-->[com.stripe:financial-connections:20.48.6] AndroidManifest.xml:14:13-65
35-->[com.stripe:financial-connections:20.48.6] AndroidManifest.xml:14:21-62
36
37            <data android:scheme="http" />
37-->src/main/AndroidManifest.xml:42:13-50
38        </intent> <!-- Added to check if Chrome is installed for browser-based payment authentication (e.g. 3DS1). -->
39        <package android:name="com.android.chrome" /> <!-- Needs to be explicitly declared on Android R+ -->
39-->[com.stripe:payments-core:20.48.6] AndroidManifest.xml:11:9-54
39-->[com.stripe:payments-core:20.48.6] AndroidManifest.xml:11:18-51
40        <package android:name="com.google.android.apps.maps" />
40-->[com.google.android.gms:play-services-maps:18.0.2] AndroidManifest.xml:33:9-64
40-->[com.google.android.gms:play-services-maps:18.0.2] AndroidManifest.xml:33:18-61
41    </queries>
42
43    <uses-permission
43-->[:file_picker] AndroidManifest.xml:7:5-9:38
44        android:name="android.permission.READ_EXTERNAL_STORAGE"
44-->[:file_picker] AndroidManifest.xml:8:9-64
45        android:maxSdkVersion="32" />
45-->[:file_picker] AndroidManifest.xml:9:9-35
46    <uses-permission android:name="android.permission.VIBRATE" />
46-->[:flutter_local_notifications] AndroidManifest.xml:7:5-66
46-->[:flutter_local_notifications] AndroidManifest.xml:7:22-63
47    <uses-permission android:name="android.permission.POST_NOTIFICATIONS" />
47-->[:flutter_local_notifications] AndroidManifest.xml:8:5-77
47-->[:flutter_local_notifications] AndroidManifest.xml:8:22-74
48    <uses-permission android:name="android.permission.ACCESS_NETWORK_STATE" />
48-->[com.stripe:stripe-core:20.48.6] AndroidManifest.xml:7:5-79
48-->[com.stripe:stripe-core:20.48.6] AndroidManifest.xml:7:22-76
49
50    <uses-feature
50-->[com.google.android.gms:play-services-maps:18.0.2] AndroidManifest.xml:26:5-28:35
51        android:glEsVersion="0x00020000"
51-->[com.google.android.gms:play-services-maps:18.0.2] AndroidManifest.xml:27:9-41
52        android:required="true" />
52-->[com.google.android.gms:play-services-maps:18.0.2] AndroidManifest.xml:28:9-32
53
54    <permission
54-->[androidx.core:core:1.13.1] AndroidManifest.xml:22:5-24:47
55        android:name="com.example.proyecto_rr_principal.DYNAMIC_RECEIVER_NOT_EXPORTED_PERMISSION"
55-->[androidx.core:core:1.13.1] AndroidManifest.xml:23:9-81
56        android:protectionLevel="signature" />
56-->[androidx.core:core:1.13.1] AndroidManifest.xml:24:9-44
57
58    <uses-permission android:name="com.example.proyecto_rr_principal.DYNAMIC_RECEIVER_NOT_EXPORTED_PERMISSION" />
58-->[androidx.core:core:1.13.1] AndroidManifest.xml:26:5-97
58-->[androidx.core:core:1.13.1] AndroidManifest.xml:26:22-94
59
60    <application
61        android:name="android.app.Application"
62        android:appComponentFactory="androidx.core.app.CoreComponentFactory"
62-->[androidx.core:core:1.13.1] AndroidManifest.xml:28:18-86
63        android:debuggable="true"
64        android:extractNativeLibs="true"
65        android:icon="@mipmap/ic_launcher"
66        android:label="proyecto_rr_principal" >
67        <activity
68            android:name="com.example.proyecto_rr_principal.MainActivity"
69            android:configChanges="orientation|keyboardHidden|keyboard|screenSize|smallestScreenSize|locale|layoutDirection|fontScale|screenLayout|density|uiMode"
70            android:exported="true"
71            android:hardwareAccelerated="true"
72            android:launchMode="singleTop"
73            android:taskAffinity=""
74            android:theme="@style/LaunchTheme"
75            android:windowSoftInputMode="adjustResize" >
76
77            <!--
78                 Specifies an Android theme to apply to this Activity as soon as
79                 the Android process has started. This theme is visible to the user
80                 while the Flutter UI initializes. After that, this theme continues
81                 to determine the Window background behind the Flutter UI.
82            -->
83            <meta-data
84                android:name="io.flutter.embedding.android.NormalTheme"
85                android:resource="@style/NormalTheme" />
86
87            <intent-filter>
88                <action android:name="android.intent.action.MAIN" />
89
90                <category android:name="android.intent.category.LAUNCHER" />
91            </intent-filter>
92        </activity>
93        <!--
94             Don't delete the meta-data below.
95             This is used by the Flutter tool to generate GeneratedPluginRegistrant.java
96        -->
97        <meta-data
98            android:name="flutterEmbedding"
99            android:value="2" />
100
101        <provider
101-->[:image_picker_android] AndroidManifest.xml:9:9-17:20
102            android:name="io.flutter.plugins.imagepicker.ImagePickerFileProvider"
102-->[:image_picker_android] AndroidManifest.xml:10:13-82
103            android:authorities="com.example.proyecto_rr_principal.flutter.image_provider"
103-->[:image_picker_android] AndroidManifest.xml:11:13-74
104            android:exported="false"
104-->[:image_picker_android] AndroidManifest.xml:12:13-37
105            android:grantUriPermissions="true" >
105-->[:image_picker_android] AndroidManifest.xml:13:13-47
106            <meta-data
106-->[:image_picker_android] AndroidManifest.xml:14:13-16:75
107                android:name="android.support.FILE_PROVIDER_PATHS"
107-->[:image_picker_android] AndroidManifest.xml:15:17-67
108                android:resource="@xml/flutter_image_picker_file_paths" />
108-->[:image_picker_android] AndroidManifest.xml:16:17-72
109        </provider> <!-- Trigger Google Play services to install the backported photo picker module. -->
110        <service
110-->[:image_picker_android] AndroidManifest.xml:19:9-31:19
111            android:name="com.google.android.gms.metadata.ModuleDependencies"
111-->[:image_picker_android] AndroidManifest.xml:20:13-78
112            android:enabled="false"
112-->[:image_picker_android] AndroidManifest.xml:21:13-36
113            android:exported="false" >
113-->[:image_picker_android] AndroidManifest.xml:22:13-37
114            <intent-filter>
114-->[:image_picker_android] AndroidManifest.xml:24:13-26:29
115                <action android:name="com.google.android.gms.metadata.MODULE_DEPENDENCIES" />
115-->[:image_picker_android] AndroidManifest.xml:25:17-94
115-->[:image_picker_android] AndroidManifest.xml:25:25-91
116            </intent-filter>
117
118            <meta-data
118-->[:image_picker_android] AndroidManifest.xml:28:13-30:36
119                android:name="photopicker_activity:0:required"
119-->[:image_picker_android] AndroidManifest.xml:29:17-63
120                android:value="" />
120-->[:image_picker_android] AndroidManifest.xml:30:17-33
121        </service>
122
123        <activity
123-->[:url_launcher_android] AndroidManifest.xml:8:9-11:74
124            android:name="io.flutter.plugins.urllauncher.WebViewActivity"
124-->[:url_launcher_android] AndroidManifest.xml:9:13-74
125            android:exported="false"
125-->[:url_launcher_android] AndroidManifest.xml:10:13-37
126            android:theme="@android:style/Theme.NoTitleBar.Fullscreen" />
126-->[:url_launcher_android] AndroidManifest.xml:11:13-71
127        <activity
127-->[com.stripe:financial-connections:20.48.6] AndroidManifest.xml:21:9-65:20
128            android:name="com.stripe.android.financialconnections.FinancialConnectionsSheetRedirectActivity"
128-->[com.stripe:financial-connections:20.48.6] AndroidManifest.xml:22:13-109
129            android:exported="true"
129-->[com.stripe:financial-connections:20.48.6] AndroidManifest.xml:23:13-36
130            android:launchMode="singleTask" >
130-->[com.stripe:financial-connections:20.48.6] AndroidManifest.xml:24:13-44
131            <intent-filter>
131-->[com.stripe:financial-connections:20.48.6] AndroidManifest.xml:25:13-64:29
132                <action android:name="android.intent.action.VIEW" />
132-->[com.stripe:financial-connections:20.48.6] AndroidManifest.xml:14:13-65
132-->[com.stripe:financial-connections:20.48.6] AndroidManifest.xml:14:21-62
133
134                <category android:name="android.intent.category.DEFAULT" />
134-->[com.stripe:financial-connections:20.48.6] AndroidManifest.xml:28:17-76
134-->[com.stripe:financial-connections:20.48.6] AndroidManifest.xml:28:27-73
135                <category android:name="android.intent.category.BROWSABLE" />
135-->[com.stripe:financial-connections:20.48.6] AndroidManifest.xml:29:17-78
135-->[com.stripe:financial-connections:20.48.6] AndroidManifest.xml:29:27-75
136
137                <!-- Returning from app2app: return_url is triggered to reopen web AuthFlow and poll accounts. -->
138                <data
138-->src/main/AndroidManifest.xml:42:13-50
139                    android:host="link-accounts"
140                    android:pathPrefix="/com.example.proyecto_rr_principal/authentication_return"
141                    android:scheme="stripe-auth" />
142
143                <!-- Returning from app2app: return_url is triggered to reopen native AuthFlow and poll accounts. -->
144                <data
144-->src/main/AndroidManifest.xml:42:13-50
145                    android:host="link-native-accounts"
146                    android:pathPrefix="/com.example.proyecto_rr_principal/authentication_return"
147                    android:scheme="stripe-auth" />
148
149                <!-- End of web AuthFlow success and cancel URIs that begin with "stripe-auth://link-accounts/{app-id}/...” -->
150                <data
150-->src/main/AndroidManifest.xml:42:13-50
151                    android:host="link-accounts"
152                    android:path="/com.example.proyecto_rr_principal/success"
153                    android:scheme="stripe-auth" />
154                <data
154-->src/main/AndroidManifest.xml:42:13-50
155                    android:host="link-accounts"
156                    android:path="/com.example.proyecto_rr_principal/cancel"
157                    android:scheme="stripe-auth" />
158
159                <!-- Opening app2app: Web flow triggers stripe-auth://native-redirect/{app-id}/http://web-that-redirects-to-native -->
160                <data
160-->src/main/AndroidManifest.xml:42:13-50
161                    android:host="native-redirect"
162                    android:pathPrefix="/com.example.proyecto_rr_principal"
163                    android:scheme="stripe-auth" />
164
165                <!-- Accepts success/cancel/fail URIs that begin with "stripe://auth-redirect” -->
166                <data
166-->src/main/AndroidManifest.xml:42:13-50
167                    android:host="auth-redirect"
168                    android:pathPrefix="/com.example.proyecto_rr_principal"
169                    android:scheme="stripe" />
170            </intent-filter>
171        </activity>
172        <activity
172-->[com.stripe:financial-connections:20.48.6] AndroidManifest.xml:66:9-69:77
173            android:name="com.stripe.android.financialconnections.FinancialConnectionsSheetActivity"
173-->[com.stripe:financial-connections:20.48.6] AndroidManifest.xml:67:13-101
174            android:exported="false"
174-->[com.stripe:financial-connections:20.48.6] AndroidManifest.xml:68:13-37
175            android:theme="@style/StripeFinancialConnectionsDefaultTheme" />
175-->[com.stripe:financial-connections:20.48.6] AndroidManifest.xml:69:13-74
176        <activity
176-->[com.stripe:financial-connections:20.48.6] AndroidManifest.xml:70:9-74:58
177            android:name="com.stripe.android.financialconnections.ui.FinancialConnectionsSheetNativeActivity"
177-->[com.stripe:financial-connections:20.48.6] AndroidManifest.xml:71:13-110
178            android:exported="false"
178-->[com.stripe:financial-connections:20.48.6] AndroidManifest.xml:72:13-37
179            android:theme="@style/StripeFinancialConnectionsDefaultTheme"
179-->[com.stripe:financial-connections:20.48.6] AndroidManifest.xml:73:13-74
180            android:windowSoftInputMode="adjustResize" />
180-->[com.stripe:financial-connections:20.48.6] AndroidManifest.xml:74:13-55
181        <activity
181-->[com.stripe:paymentsheet:20.48.6] AndroidManifest.xml:8:9-11:69
182            android:name="com.stripe.android.paymentsheet.PaymentSheetActivity"
182-->[com.stripe:paymentsheet:20.48.6] AndroidManifest.xml:9:13-80
183            android:exported="false"
183-->[com.stripe:paymentsheet:20.48.6] AndroidManifest.xml:10:13-37
184            android:theme="@style/StripePaymentSheetDefaultTheme" />
184-->[com.stripe:paymentsheet:20.48.6] AndroidManifest.xml:11:13-66
185        <activity
185-->[com.stripe:paymentsheet:20.48.6] AndroidManifest.xml:12:9-15:69
186            android:name="com.stripe.android.paymentsheet.PaymentOptionsActivity"
186-->[com.stripe:paymentsheet:20.48.6] AndroidManifest.xml:13:13-82
187            android:exported="false"
187-->[com.stripe:paymentsheet:20.48.6] AndroidManifest.xml:14:13-37
188            android:theme="@style/StripePaymentSheetDefaultTheme" />
188-->[com.stripe:paymentsheet:20.48.6] AndroidManifest.xml:15:13-66
189        <activity
189-->[com.stripe:paymentsheet:20.48.6] AndroidManifest.xml:16:9-19:69
190            android:name="com.stripe.android.customersheet.CustomerSheetActivity"
190-->[com.stripe:paymentsheet:20.48.6] AndroidManifest.xml:17:13-82
191            android:exported="false"
191-->[com.stripe:paymentsheet:20.48.6] AndroidManifest.xml:18:13-37
192            android:theme="@style/StripePaymentSheetDefaultTheme" />
192-->[com.stripe:paymentsheet:20.48.6] AndroidManifest.xml:19:13-66
193        <activity
193-->[com.stripe:paymentsheet:20.48.6] AndroidManifest.xml:20:9-23:69
194            android:name="com.stripe.android.paymentsheet.addresselement.AddressElementActivity"
194-->[com.stripe:paymentsheet:20.48.6] AndroidManifest.xml:21:13-97
195            android:exported="false"
195-->[com.stripe:paymentsheet:20.48.6] AndroidManifest.xml:22:13-37
196            android:theme="@style/StripePaymentSheetDefaultTheme" />
196-->[com.stripe:paymentsheet:20.48.6] AndroidManifest.xml:23:13-66
197        <activity
197-->[com.stripe:paymentsheet:20.48.6] AndroidManifest.xml:24:9-27:69
198            android:name="com.stripe.android.paymentsheet.paymentdatacollection.bacs.BacsMandateConfirmationActivity"
198-->[com.stripe:paymentsheet:20.48.6] AndroidManifest.xml:25:13-118
199            android:exported="false"
199-->[com.stripe:paymentsheet:20.48.6] AndroidManifest.xml:26:13-37
200            android:theme="@style/StripePaymentSheetDefaultTheme" />
200-->[com.stripe:paymentsheet:20.48.6] AndroidManifest.xml:27:13-66
201        <activity
201-->[com.stripe:paymentsheet:20.48.6] AndroidManifest.xml:28:9-31:69
202            android:name="com.stripe.android.paymentsheet.paymentdatacollection.polling.PollingActivity"
202-->[com.stripe:paymentsheet:20.48.6] AndroidManifest.xml:29:13-105
203            android:exported="false"
203-->[com.stripe:paymentsheet:20.48.6] AndroidManifest.xml:30:13-37
204            android:theme="@style/StripePaymentSheetDefaultTheme" />
204-->[com.stripe:paymentsheet:20.48.6] AndroidManifest.xml:31:13-66
205        <activity
205-->[com.stripe:paymentsheet:20.48.6] AndroidManifest.xml:32:9-35:69
206            android:name="com.stripe.android.paymentsheet.ui.SepaMandateActivity"
206-->[com.stripe:paymentsheet:20.48.6] AndroidManifest.xml:33:13-82
207            android:exported="false"
207-->[com.stripe:paymentsheet:20.48.6] AndroidManifest.xml:34:13-37
208            android:theme="@style/StripePaymentSheetDefaultTheme" />
208-->[com.stripe:paymentsheet:20.48.6] AndroidManifest.xml:35:13-66
209        <activity
209-->[com.stripe:paymentsheet:20.48.6] AndroidManifest.xml:36:9-39:68
210            android:name="com.stripe.android.paymentsheet.ExternalPaymentMethodProxyActivity"
210-->[com.stripe:paymentsheet:20.48.6] AndroidManifest.xml:37:13-94
211            android:exported="false"
211-->[com.stripe:paymentsheet:20.48.6] AndroidManifest.xml:38:13-37
212            android:theme="@style/StripePayLauncherDefaultTheme" />
212-->[com.stripe:paymentsheet:20.48.6] AndroidManifest.xml:39:13-65
213        <activity
213-->[com.stripe:paymentsheet:20.48.6] AndroidManifest.xml:40:9-42:69
214            android:name="com.stripe.android.paymentsheet.paymentdatacollection.cvcrecollection.CvcRecollectionActivity"
214-->[com.stripe:paymentsheet:20.48.6] AndroidManifest.xml:41:13-121
215            android:theme="@style/StripePaymentSheetDefaultTheme" />
215-->[com.stripe:paymentsheet:20.48.6] AndroidManifest.xml:42:13-66
216        <activity
216-->[com.stripe:link:20.48.6] AndroidManifest.xml:8:9-13:61
217            android:name="com.stripe.android.link.LinkForegroundActivity"
217-->[com.stripe:link:20.48.6] AndroidManifest.xml:9:13-74
218            android:autoRemoveFromRecents="true"
218-->[com.stripe:link:20.48.6] AndroidManifest.xml:10:13-49
219            android:configChanges="orientation|keyboard|keyboardHidden|screenLayout|screenSize|smallestScreenSize"
219-->[com.stripe:link:20.48.6] AndroidManifest.xml:11:13-115
220            android:launchMode="singleTop"
220-->[com.stripe:link:20.48.6] AndroidManifest.xml:12:13-43
221            android:theme="@style/StripeTransparentTheme" />
221-->[com.stripe:link:20.48.6] AndroidManifest.xml:13:13-58
222        <activity
222-->[com.stripe:link:20.48.6] AndroidManifest.xml:14:9-31:20
223            android:name="com.stripe.android.link.LinkRedirectHandlerActivity"
223-->[com.stripe:link:20.48.6] AndroidManifest.xml:15:13-79
224            android:autoRemoveFromRecents="true"
224-->[com.stripe:link:20.48.6] AndroidManifest.xml:16:13-49
225            android:exported="true"
225-->[com.stripe:link:20.48.6] AndroidManifest.xml:17:13-36
226            android:launchMode="singleInstance"
226-->[com.stripe:link:20.48.6] AndroidManifest.xml:18:13-48
227            android:theme="@style/StripeTransparentTheme" >
227-->[com.stripe:link:20.48.6] AndroidManifest.xml:19:13-58
228            <intent-filter>
228-->[com.stripe:link:20.48.6] AndroidManifest.xml:20:13-30:29
229                <action android:name="android.intent.action.VIEW" />
229-->[com.stripe:financial-connections:20.48.6] AndroidManifest.xml:14:13-65
229-->[com.stripe:financial-connections:20.48.6] AndroidManifest.xml:14:21-62
230
231                <category android:name="android.intent.category.DEFAULT" />
231-->[com.stripe:financial-connections:20.48.6] AndroidManifest.xml:28:17-76
231-->[com.stripe:financial-connections:20.48.6] AndroidManifest.xml:28:27-73
232                <category android:name="android.intent.category.BROWSABLE" />
232-->[com.stripe:financial-connections:20.48.6] AndroidManifest.xml:29:17-78
232-->[com.stripe:financial-connections:20.48.6] AndroidManifest.xml:29:27-75
233
234                <data
234-->src/main/AndroidManifest.xml:42:13-50
235                    android:host="complete"
236                    android:path="/com.example.proyecto_rr_principal"
237                    android:scheme="link-popup" />
238            </intent-filter>
239        </activity>
240        <activity
240-->[com.stripe:payments-ui-core:20.48.6] AndroidManifest.xml:8:9-11:69
241            android:name="com.stripe.android.ui.core.cardscan.CardScanActivity"
241-->[com.stripe:payments-ui-core:20.48.6] AndroidManifest.xml:9:13-80
242            android:exported="false"
242-->[com.stripe:payments-ui-core:20.48.6] AndroidManifest.xml:10:13-37
243            android:theme="@style/StripePaymentSheetDefaultTheme" />
243-->[com.stripe:payments-ui-core:20.48.6] AndroidManifest.xml:11:13-66
244        <activity
244-->[com.stripe:payments-core:20.48.6] AndroidManifest.xml:15:9-18:57
245            android:name="com.stripe.android.view.AddPaymentMethodActivity"
245-->[com.stripe:payments-core:20.48.6] AndroidManifest.xml:16:13-76
246            android:exported="false"
246-->[com.stripe:payments-core:20.48.6] AndroidManifest.xml:17:13-37
247            android:theme="@style/StripeDefaultTheme" />
247-->[com.stripe:payments-core:20.48.6] AndroidManifest.xml:18:13-54
248        <activity
248-->[com.stripe:payments-core:20.48.6] AndroidManifest.xml:19:9-22:57
249            android:name="com.stripe.android.view.PaymentMethodsActivity"
249-->[com.stripe:payments-core:20.48.6] AndroidManifest.xml:20:13-74
250            android:exported="false"
250-->[com.stripe:payments-core:20.48.6] AndroidManifest.xml:21:13-37
251            android:theme="@style/StripeDefaultTheme" />
251-->[com.stripe:payments-core:20.48.6] AndroidManifest.xml:22:13-54
252        <activity
252-->[com.stripe:payments-core:20.48.6] AndroidManifest.xml:23:9-26:57
253            android:name="com.stripe.android.view.PaymentFlowActivity"
253-->[com.stripe:payments-core:20.48.6] AndroidManifest.xml:24:13-71
254            android:exported="false"
254-->[com.stripe:payments-core:20.48.6] AndroidManifest.xml:25:13-37
255            android:theme="@style/StripeDefaultTheme" />
255-->[com.stripe:payments-core:20.48.6] AndroidManifest.xml:26:13-54
256        <activity
256-->[com.stripe:payments-core:20.48.6] AndroidManifest.xml:27:9-30:57
257            android:name="com.stripe.android.view.PaymentAuthWebViewActivity"
257-->[com.stripe:payments-core:20.48.6] AndroidManifest.xml:28:13-78
258            android:exported="false"
258-->[com.stripe:payments-core:20.48.6] AndroidManifest.xml:29:13-37
259            android:theme="@style/StripeDefaultTheme" />
259-->[com.stripe:payments-core:20.48.6] AndroidManifest.xml:30:13-54
260        <activity
260-->[com.stripe:payments-core:20.48.6] AndroidManifest.xml:31:9-34:61
261            android:name="com.stripe.android.view.PaymentRelayActivity"
261-->[com.stripe:payments-core:20.48.6] AndroidManifest.xml:32:13-72
262            android:exported="false"
262-->[com.stripe:payments-core:20.48.6] AndroidManifest.xml:33:13-37
263            android:theme="@style/StripeTransparentTheme" />
263-->[com.stripe:payments-core:20.48.6] AndroidManifest.xml:34:13-58
264        <!--
265        Set android:launchMode="singleTop" so that the StripeBrowserLauncherActivity instance that
266        launched the browser Activity will also handle the return URL deep link.
267        -->
268        <activity
268-->[com.stripe:payments-core:20.48.6] AndroidManifest.xml:40:9-44:61
269            android:name="com.stripe.android.payments.StripeBrowserLauncherActivity"
269-->[com.stripe:payments-core:20.48.6] AndroidManifest.xml:41:13-85
270            android:exported="false"
270-->[com.stripe:payments-core:20.48.6] AndroidManifest.xml:42:13-37
271            android:launchMode="singleTask"
271-->[com.stripe:payments-core:20.48.6] AndroidManifest.xml:43:13-44
272            android:theme="@style/StripeTransparentTheme" />
272-->[com.stripe:payments-core:20.48.6] AndroidManifest.xml:44:13-58
273        <activity
273-->[com.stripe:payments-core:20.48.6] AndroidManifest.xml:45:9-62:20
274            android:name="com.stripe.android.payments.StripeBrowserProxyReturnActivity"
274-->[com.stripe:payments-core:20.48.6] AndroidManifest.xml:46:13-88
275            android:exported="true"
275-->[com.stripe:payments-core:20.48.6] AndroidManifest.xml:47:13-36
276            android:launchMode="singleTask"
276-->[com.stripe:payments-core:20.48.6] AndroidManifest.xml:48:13-44
277            android:theme="@style/StripeTransparentTheme" >
277-->[com.stripe:payments-core:20.48.6] AndroidManifest.xml:49:13-58
278            <intent-filter>
278-->[com.stripe:payments-core:20.48.6] AndroidManifest.xml:50:13-61:29
279                <action android:name="android.intent.action.VIEW" />
279-->[com.stripe:financial-connections:20.48.6] AndroidManifest.xml:14:13-65
279-->[com.stripe:financial-connections:20.48.6] AndroidManifest.xml:14:21-62
280
281                <category android:name="android.intent.category.DEFAULT" />
281-->[com.stripe:financial-connections:20.48.6] AndroidManifest.xml:28:17-76
281-->[com.stripe:financial-connections:20.48.6] AndroidManifest.xml:28:27-73
282                <category android:name="android.intent.category.BROWSABLE" />
282-->[com.stripe:financial-connections:20.48.6] AndroidManifest.xml:29:17-78
282-->[com.stripe:financial-connections:20.48.6] AndroidManifest.xml:29:27-75
283
284                <!-- Must match `DefaultReturnUrl#value`. -->
285                <data
285-->src/main/AndroidManifest.xml:42:13-50
286                    android:host="payment_return_url"
287                    android:path="/com.example.proyecto_rr_principal"
288                    android:scheme="stripesdk" />
289            </intent-filter>
290        </activity>
291        <activity
291-->[com.stripe:payments-core:20.48.6] AndroidManifest.xml:63:9-66:57
292            android:name="com.stripe.android.payments.core.authentication.threeds2.Stripe3ds2TransactionActivity"
292-->[com.stripe:payments-core:20.48.6] AndroidManifest.xml:64:13-114
293            android:exported="false"
293-->[com.stripe:payments-core:20.48.6] AndroidManifest.xml:65:13-37
294            android:theme="@style/StripeDefaultTheme" />
294-->[com.stripe:payments-core:20.48.6] AndroidManifest.xml:66:13-54
295        <activity
295-->[com.stripe:payments-core:20.48.6] AndroidManifest.xml:67:9-70:66
296            android:name="com.stripe.android.googlepaylauncher.GooglePayLauncherActivity"
296-->[com.stripe:payments-core:20.48.6] AndroidManifest.xml:68:13-90
297            android:exported="false"
297-->[com.stripe:payments-core:20.48.6] AndroidManifest.xml:69:13-37
298            android:theme="@style/StripeGooglePayDefaultTheme" />
298-->[com.stripe:payments-core:20.48.6] AndroidManifest.xml:70:13-63
299        <activity
299-->[com.stripe:payments-core:20.48.6] AndroidManifest.xml:71:9-74:66
300            android:name="com.stripe.android.googlepaylauncher.GooglePayPaymentMethodLauncherActivity"
300-->[com.stripe:payments-core:20.48.6] AndroidManifest.xml:72:13-103
301            android:exported="false"
301-->[com.stripe:payments-core:20.48.6] AndroidManifest.xml:73:13-37
302            android:theme="@style/StripeGooglePayDefaultTheme" />
302-->[com.stripe:payments-core:20.48.6] AndroidManifest.xml:74:13-63
303        <activity
303-->[com.stripe:payments-core:20.48.6] AndroidManifest.xml:75:9-78:68
304            android:name="com.stripe.android.payments.paymentlauncher.PaymentLauncherConfirmationActivity"
304-->[com.stripe:payments-core:20.48.6] AndroidManifest.xml:76:13-107
305            android:exported="false"
305-->[com.stripe:payments-core:20.48.6] AndroidManifest.xml:77:13-37
306            android:theme="@style/StripePayLauncherDefaultTheme" />
306-->[com.stripe:payments-core:20.48.6] AndroidManifest.xml:78:13-65
307        <activity
307-->[com.stripe:payments-core:20.48.6] AndroidManifest.xml:79:9-82:61
308            android:name="com.stripe.android.payments.bankaccount.ui.CollectBankAccountActivity"
308-->[com.stripe:payments-core:20.48.6] AndroidManifest.xml:80:13-97
309            android:exported="false"
309-->[com.stripe:payments-core:20.48.6] AndroidManifest.xml:81:13-37
310            android:theme="@style/StripeTransparentTheme" />
310-->[com.stripe:payments-core:20.48.6] AndroidManifest.xml:82:13-58
311        <activity
311-->[com.stripe:stripe-3ds2-android:6.1.8] AndroidManifest.xml:8:9-11:54
312            android:name="com.stripe.android.stripe3ds2.views.ChallengeActivity"
312-->[com.stripe:stripe-3ds2-android:6.1.8] AndroidManifest.xml:9:13-81
313            android:exported="false"
313-->[com.stripe:stripe-3ds2-android:6.1.8] AndroidManifest.xml:10:13-37
314            android:theme="@style/Stripe3DS2Theme" />
314-->[com.stripe:stripe-3ds2-android:6.1.8] AndroidManifest.xml:11:13-51
315
316        <provider